<?xml version="1.0" encoding="UTF-8"?>
<!-- Generated by org.testng.reporters.JUnitReportReporter -->
<testsuite hostname="Georgs-MacBook-Pro.local" name="com.kvalit18.example.Calculator_FilippaL.CalculatorAdvancedTest" tests="6" failures="0" timestamp="19 Dec 2018 20:19:31 GMT" time="0.009" errors="0">
  <testcase name="methodReturnsGreatestTest" time="0.001" classname="com.kvalit18.example.Calculator_FilippaL.CalculatorAdvancedTest"/>
  <testcase name="methodTimesTwoTest" time="0.000" classname="com.kvalit18.example.Calculator_FilippaL.CalculatorAdvancedTest"/>
  <testcase name="methodSqrtTest" time="0.000" classname="com.kvalit18.example.Calculator_FilippaL.CalculatorAdvancedTest"/>
  <testcase name="methodReturnsSmallestTest" time="0.006" classname="com.kvalit18.example.Calculator_FilippaL.CalculatorAdvancedTest"/>
  <testcase name="methodModuloTest" time="0.000" classname="com.kvalit18.example.Calculator_FilippaL.CalculatorAdvancedTest"/>
  <testcase name="methodAbsolueValueTest" time="0.002" classname="com.kvalit18.example.Calculator_FilippaL.CalculatorAdvancedTest"/>
</testsuite> <!-- com.kvalit18.example.Calculator_FilippaL.CalculatorAdvancedTest -->
