<?xml version="1.0" encoding="UTF-8"?>
<!-- Generated by org.testng.reporters.JUnitReportReporter -->
<testsuite hostname="Georgs-MacBook-Pro.local" name="com.kvalit18.example.Calculator_FilippaL.CalculatorBasicTest" tests="4" failures="0" timestamp="19 Dec 2018 20:19:31 GMT" time="0.000" errors="0">
  <testcase name="methodSubTest" time="0.000" classname="com.kvalit18.example.Calculator_FilippaL.CalculatorBasicTest"/>
  <testcase name="methodDiviTest" time="0.000" classname="com.kvalit18.example.Calculator_FilippaL.CalculatorBasicTest"/>
  <testcase name="methodMultiTest" time="0.000" classname="com.kvalit18.example.Calculator_FilippaL.CalculatorBasicTest"/>
  <testcase name="methodAddTest" time="0.000" classname="com.kvalit18.example.Calculator_FilippaL.CalculatorBasicTest"/>
</testsuite> <!-- com.kvalit18.example.Calculator_FilippaL.CalculatorBasicTest -->
